<?xml version="1.0" encoding="UTF-8"?>
<!-- Generated by org.testng.reporters.JUnitReportReporter -->
<testsuite skipped="0" hostname="vinay" name="TestCases.Test_UserRole" tests="1" failures="0" timestamp="12 Jul 2022 14:04:09 GMT" time="5.449" errors="0">
  <testcase name="userInfo" time="5.449" classname="TestCases.Test_UserRole"/>
</testsuite> <!-- TestCases.Test_UserRole -->
