<?xml version="1.0" encoding="UTF-8"?>
<!-- Generated by org.testng.reporters.JUnitReportReporter -->
<testsuite skipped="0" hostname="vinay" name="TestCases.Test_PendingLeaveRequest" tests="1" failures="0" timestamp="12 Jul 2022 14:04:09 GMT" time="6.726" errors="0">
  <testcase name="verifyRecords" time="6.726" classname="TestCases.Test_PendingLeaveRequest"/>
</testsuite> <!-- TestCases.Test_PendingLeaveRequest -->
